{"/Users/leo/dev/github/aestetype/node-social-api/src/index.ts": {"path":"/Users/leo/dev/github/aestetype/node-social-api/src/index.ts","statementMap":{"0":{"start":{"line":1,"column":0},"end":{"line":1,"column":35}},"1":{"start":{"line":4,"column":2},"end":{"line":4,"column":11}}},"fnMap":{},"branchMap":{},"s":{"0":1,"1":1},"f":{},"b":{}}
,"/Users/leo/dev/github/aestetype/node-social-api/src/utils.ts": {"path":"/Users/leo/dev/github/aestetype/node-social-api/src/utils.ts","statementMap":{"0":{"start":{"line":2,"column":2},"end":{"line":6,"column":5}},"1":{"start":{"line":3,"column":4},"end":{"line":5,"column":5}},"2":{"start":{"line":4,"column":6},"end":{"line":4,"column":46}},"3":{"start":{"line":1,"column":0},"end":{"line":7,"column":1}}},"fnMap":{"0":{"name":"checkValidConfig","decl":{"start":{"line":1,"column":0},"end":{"line":1,"column":32}},"loc":{"start":{"line":1,"column":62},"end":{"line":7,"column":1}}},"1":{"name":"(anonymous_1)","decl":{"start":{"line":2,"column":17},"end":{"line":2,"column":17}},"loc":{"start":{"line":2,"column":23},"end":{"line":6,"column":3}}}},"branchMap":{"0":{"loc":{"start":{"line":3,"column":4},"end":{"line":5,"column":5}},"type":"if","locations":[{"start":{"line":3,"column":4},"end":{"line":5,"column":5}},{"start":{"line":3,"column":4},"end":{"line":5,"column":5}}]}},"s":{"0":8,"1":15,"2":1,"3":2},"f":{"0":8,"1":15},"b":{"0":[1,13]}}
,"/Users/leo/dev/github/aestetype/node-social-api/src/instagram/index.ts": {"path":"/Users/leo/dev/github/aestetype/node-social-api/src/instagram/index.ts","statementMap":{"0":{"start":{"line":1,"column":0},"end":{"line":1,"column":37}},"1":{"start":{"line":2,"column":0},"end":{"line":2,"column":43}},"2":{"start":{"line":10,"column":0},"end":{"line":55,"column":0}},"3":{"start":{"line":19,"column":4},"end":{"line":19,"column":28}},"4":{"start":{"line":20,"column":4},"end":{"line":20,"column":58}},"5":{"start":{"line":21,"column":4},"end":{"line":24,"column":6}},"6":{"start":{"line":25,"column":23},"end":{"line":25,"column":48}},"7":{"start":{"line":26,"column":4},"end":{"line":26,"column":60}},"8":{"start":{"line":29,"column":2},"end":{"line":36,"column":3}},"9":{"start":{"line":30,"column":4},"end":{"line":35,"column":7}},"10":{"start":{"line":38,"column":2},"end":{"line":45,"column":3}},"11":{"start":{"line":39,"column":4},"end":{"line":44,"column":7}},"12":{"start":{"line":47,"column":2},"end":{"line":54,"column":3}},"13":{"start":{"line":48,"column":4},"end":{"line":53,"column":7}},"14":{"start":{"line":55,"column":0},"end":{"line":55,"column":1}},"15":{"start":{"line":57,"column":0},"end":{"line":57,"column":25}}},"fnMap":{"0":{"name":"(anonymous_1)","decl":{"start":{"line":10,"column":0},"end":{"line":null,"column":-1}},"loc":{"start":{"line":10,"column":0},"end":{"line":10,"column":-1}}},"1":{"name":"Instagram","decl":{"start":{"line":18,"column":2},"end":{"line":18,"column":13}},"loc":{"start":{"line":18,"column":37},"end":{"line":27,"column":3}}},"2":{"name":"(anonymous_3)","decl":{"start":{"line":29,"column":2},"end":{"line":29,"column":5}},"loc":{"start":{"line":29,"column":33},"end":{"line":36,"column":3}}},"3":{"name":"(anonymous_4)","decl":{"start":{"line":38,"column":2},"end":{"line":38,"column":6}},"loc":{"start":{"line":38,"column":34},"end":{"line":45,"column":3}}},"4":{"name":"(anonymous_5)","decl":{"start":{"line":47,"column":2},"end":{"line":47,"column":8}},"loc":{"start":{"line":47,"column":36},"end":{"line":54,"column":3}}}},"branchMap":{"0":{"loc":{"start":{"line":25,"column":23},"end":{"line":25,"column":40}},"type":"binary-expr","locations":[{"start":{"line":25,"column":23},"end":{"line":25,"column":40}},{"start":{"line":25,"column":44},"end":{"line":25,"column":48}}]}},"s":{"0":2,"1":2,"2":2,"3":8,"4":8,"5":6,"6":6,"7":6,"8":2,"9":2,"10":2,"11":2,"12":2,"13":2,"14":2,"15":2},"f":{"0":2,"1":8,"2":2,"3":2,"4":2},"b":{"0":[6,5]}}
}
