TN:
SF:/Users/leo/dev/github/aestetype/node-social-api/src/index.ts
FNF:0
FNH:0
DA:1,1
DA:4,1
LF:2
LH:2
BRF:0
BRH:0
end_of_record
TN:
SF:/Users/leo/dev/github/aestetype/node-social-api/src/utils.ts
FN:1,checkValidConfig
FN:2,(anonymous_1)
FNF:2
FNH:2
FNDA:8,checkValidConfig
FNDA:15,(anonymous_1)
DA:1,2
DA:2,8
DA:3,15
DA:4,1
LF:4
LH:4
BRDA:3,0,0,1
BRDA:3,0,1,13
BRF:2
BRH:2
end_of_record
TN:
SF:/Users/leo/dev/github/aestetype/node-social-api/src/instagram/index.ts
FN:10,(anonymous_1)
FN:18,Instagram
FN:29,(anonymous_3)
FN:38,(anonymous_4)
FN:47,(anonymous_5)
FNF:5
FNH:5
FNDA:2,(anonymous_1)
FNDA:8,Instagram
FNDA:2,(anonymous_3)
FNDA:2,(anonymous_4)
FNDA:2,(anonymous_5)
DA:1,2
DA:2,2
DA:10,2
DA:19,8
DA:20,8
DA:21,6
DA:25,6
DA:26,6
DA:29,2
DA:30,2
DA:38,2
DA:39,2
DA:47,2
DA:48,2
DA:55,2
DA:57,2
LF:16
LH:16
BRDA:25,0,0,6
BRDA:25,0,1,5
BRF:2
BRH:2
end_of_record
